<?xml version="1.0" encoding="UTF-8"?>
<testng-results skipped="0" failed="0" ignored="0" total="1" passed="1">
  <reporter-output>
  </reporter-output>
  <suite name="Suite" duration-ms="211" started-at="2022-03-06T15:36:52 IST" finished-at="2022-03-06T15:36:52 IST">
    <groups>
    </groups>
    <test name="Test" duration-ms="211" started-at="2022-03-06T15:36:52 IST" finished-at="2022-03-06T15:36:52 IST">
      <class name="GitProjt.GitProjt.Demo2">
        <test-method status="PASS" signature="hello()[pri:0, instance:GitProjt.GitProjt.Demo2@63440df3]" name="hello" duration-ms="17" started-at="2022-03-06T15:36:52 IST" finished-at="2022-03-06T15:36:52 IST">
          <reporter-output>
          </reporter-output>
        </test-method> <!-- hello -->
      </class> <!-- GitProjt.GitProjt.Demo2 -->
    </test> <!-- Test -->
  </suite> <!-- Suite -->
</testng-results>
